<?xml version="1.0" encoding="UTF-8"?>
<testng-results skipped="0" failed="0" total="1" passed="1">
  <reporter-output>
  </reporter-output>
  <suite name="Default suite" duration-ms="139100" started-at="2017-08-28T12:52:39Z" finished-at="2017-08-28T12:54:58Z">
    <groups>
    </groups>
    <test name="Default test" duration-ms="139100" started-at="2017-08-28T12:52:39Z" finished-at="2017-08-28T12:54:58Z">
      <class name="com.gdi.modules.Modules">
        <test-method status="PASS" signature="signIn()[pri:0, instance:com.gdi.modules.Modules@598067a5]" name="signIn" duration-ms="139078" started-at="2017-08-28T18:22:39Z" finished-at="2017-08-28T18:24:58Z">
          <reporter-output>
          </reporter-output>
        </test-method> <!-- signIn -->
        <test-method status="PASS" signature="endFrameWork()[pri:0, instance:com.gdi.modules.Modules@598067a5]" name="endFrameWork" is-config="true" duration-ms="237" started-at="2017-08-28T18:24:58Z" finished-at="2017-08-28T18:24:59Z">
          <reporter-output>
          </reporter-output>
        </test-method> <!-- endFrameWork -->
      </class> <!-- com.gdi.modules.Modules -->
    </test> <!-- Default test -->
  </suite> <!-- Default suite -->
</testng-results>
